  Source.cpp
C:\VS Projects\My-GitHub\pacman-game\game\Source.cpp(123,20): warning C4553: '==': result of expression not used; did you intend '='?
C:\VS Projects\My-GitHub\pacman-game\game\Source.cpp(125,20): warning C4553: '==': result of expression not used; did you intend '='?
C:\VS Projects\My-GitHub\pacman-game\game\Source.cpp(127,20): warning C4553: '==': result of expression not used; did you intend '='?
C:\VS Projects\My-GitHub\pacman-game\game\Source.cpp(129,20): warning C4553: '==': result of expression not used; did you intend '='?
C:\VS Projects\My-GitHub\pacman-game\game\Source.cpp(208,50): warning C4244: 'argument': conversion from 'double' to 'float', possible loss of data
C:\VS Projects\My-GitHub\pacman-game\game\Source.cpp(240,52): warning C4244: 'argument': conversion from 'double' to 'float', possible loss of data
C:\VS Projects\My-GitHub\pacman-game\game\Source.cpp(275,54): warning C4244: 'argument': conversion from 'double' to 'float', possible loss of data
C:\VS Projects\My-GitHub\pacman-game\game\Source.cpp(310,54): warning C4244: 'argument': conversion from 'double' to 'float', possible loss of data
C:\VS Projects\My-GitHub\pacman-game\game\Source.cpp(550,100): warning C4244: 'argument': conversion from 'T' to 'T', possible loss of data
          with
          [
              T=int
          ]
          and
          [
              T=float
          ]
C:\VS Projects\My-GitHub\pacman-game\game\Source.cpp(550,71): warning C4244: 'argument': conversion from 'T' to 'T', possible loss of data
          with
          [
              T=int
          ]
          and
          [
              T=float
          ]
C:\VS Projects\My-GitHub\pacman-game\game\Source.cpp(577,95): warning C4244: 'argument': conversion from 'T' to 'T', possible loss of data
          with
          [
              T=int
          ]
          and
          [
              T=float
          ]
C:\VS Projects\My-GitHub\pacman-game\game\Source.cpp(577,66): warning C4244: 'argument': conversion from 'T' to 'T', possible loss of data
          with
          [
              T=int
          ]
          and
          [
              T=float
          ]
C:\VS Projects\My-GitHub\pacman-game\game\Source.cpp(754,101): warning C4244: 'argument': conversion from 'T' to 'T', possible loss of data
          with
          [
              T=int
          ]
          and
          [
              T=float
          ]
C:\VS Projects\My-GitHub\pacman-game\game\Source.cpp(754,72): warning C4244: 'argument': conversion from 'T' to 'T', possible loss of data
          with
          [
              T=int
          ]
          and
          [
              T=float
          ]
C:\VS Projects\My-GitHub\pacman-game\game\Source.cpp(769,101): warning C4244: 'argument': conversion from 'T' to 'T', possible loss of data
          with
          [
              T=int
          ]
          and
          [
              T=float
          ]
C:\VS Projects\My-GitHub\pacman-game\game\Source.cpp(769,72): warning C4244: 'argument': conversion from 'T' to 'T', possible loss of data
          with
          [
              T=int
          ]
          and
          [
              T=float
          ]
C:\VS Projects\My-GitHub\pacman-game\game\Source.cpp(782,103): warning C4244: 'argument': conversion from 'T' to 'T', possible loss of data
          with
          [
              T=int
          ]
          and
          [
              T=float
          ]
C:\VS Projects\My-GitHub\pacman-game\game\Source.cpp(782,74): warning C4244: 'argument': conversion from 'T' to 'T', possible loss of data
          with
          [
              T=int
          ]
          and
          [
              T=float
          ]
C:\VS Projects\My-GitHub\pacman-game\game\Source.cpp(892,75): warning C4244: 'argument': conversion from 'int' to 'float', possible loss of data
C:\VS Projects\My-GitHub\pacman-game\game\Source.cpp(892,50): warning C4244: 'argument': conversion from 'int' to 'float', possible loss of data
C:\VS Projects\My-GitHub\pacman-game\game\Source.cpp(899,75): warning C4244: 'argument': conversion from 'int' to 'float', possible loss of data
C:\VS Projects\My-GitHub\pacman-game\game\Source.cpp(899,50): warning C4244: 'argument': conversion from 'int' to 'float', possible loss of data
C:\VS Projects\My-GitHub\pacman-game\game\Source.cpp(904,109): warning C4244: 'argument': conversion from 'int' to 'float', possible loss of data
C:\VS Projects\My-GitHub\pacman-game\game\Source.cpp(904,67): warning C4244: 'argument': conversion from 'int' to 'float', possible loss of data
C:\VS Projects\My-GitHub\pacman-game\game\Source.cpp(911,75): warning C4244: 'argument': conversion from 'int' to 'float', possible loss of data
C:\VS Projects\My-GitHub\pacman-game\game\Source.cpp(911,50): warning C4244: 'argument': conversion from 'int' to 'float', possible loss of data
C:\VS Projects\My-GitHub\pacman-game\game\Source.cpp(918,75): warning C4244: 'argument': conversion from 'int' to 'float', possible loss of data
C:\VS Projects\My-GitHub\pacman-game\game\Source.cpp(918,50): warning C4244: 'argument': conversion from 'int' to 'float', possible loss of data
C:\VS Projects\My-GitHub\pacman-game\game\Source.cpp(923,110): warning C4244: 'argument': conversion from 'int' to 'float', possible loss of data
C:\VS Projects\My-GitHub\pacman-game\game\Source.cpp(923,68): warning C4244: 'argument': conversion from 'int' to 'float', possible loss of data
C:\VS Projects\My-GitHub\pacman-game\game\Source.cpp(1170,95): warning C4244: 'argument': conversion from 'T' to 'T', possible loss of data
          with
          [
              T=int
          ]
          and
          [
              T=float
          ]
C:\VS Projects\My-GitHub\pacman-game\game\Source.cpp(1170,66): warning C4244: 'argument': conversion from 'T' to 'T', possible loss of data
          with
          [
              T=int
          ]
          and
          [
              T=float
          ]
C:\VS Projects\My-GitHub\pacman-game\game\Source.cpp(1297,101): warning C4244: 'argument': conversion from 'T' to 'T', possible loss of data
          with
          [
              T=int
          ]
          and
          [
              T=float
          ]
C:\VS Projects\My-GitHub\pacman-game\game\Source.cpp(1297,72): warning C4244: 'argument': conversion from 'T' to 'T', possible loss of data
          with
          [
              T=int
          ]
          and
          [
              T=float
          ]
C:\VS Projects\My-GitHub\pacman-game\game\Source.cpp(1310,101): warning C4244: 'argument': conversion from 'T' to 'T', possible loss of data
          with
          [
              T=int
          ]
          and
          [
              T=float
          ]
C:\VS Projects\My-GitHub\pacman-game\game\Source.cpp(1310,72): warning C4244: 'argument': conversion from 'T' to 'T', possible loss of data
          with
          [
              T=int
          ]
          and
          [
              T=float
          ]
C:\VS Projects\My-GitHub\pacman-game\game\Source.cpp(1350,96): warning C4244: 'argument': conversion from 'T' to 'T', possible loss of data
          with
          [
              T=int
          ]
          and
          [
              T=float
          ]
C:\VS Projects\My-GitHub\pacman-game\game\Source.cpp(1350,67): warning C4244: 'argument': conversion from 'T' to 'T', possible loss of data
          with
          [
              T=int
          ]
          and
          [
              T=float
          ]
  game.vcxproj -> C:\VS Projects\My-GitHub\pacman-game\x64\Debug\game.exe
